[2022-03-17 12:55:44] local.DEBUG: Message-ID: <6c5f1c80a310d44c96d9caa7d4c8ba5d@corporate.loc>
Date: Thu, 17 Mar 2022 12:55:44 +0000
Subject: Question
From: Anna <minkina.russia@gmail.com>
To: admin@admin.com
MIME-Version: 1.0
Content-Type: text/html; charset=utf-8
Content-Transfer-Encoding: quoted-printable

<h1>Hi now!</h1>  
[2022-04-08 06:02:52] local.DEBUG: Message-ID: <3ceb1fa8fbd03242ed370f48f0021deb@corporate.loc>
Date: Fri, 08 Apr 2022 06:02:52 +0000
Subject: Question
From: asdfg <email@mail.ru>
To: admin@admin.com
MIME-Version: 1.0
Content-Type: text/html; charset=utf-8
Content-Transfer-Encoding: quoted-printable

<h1>qwertyuio</h1>  
[2022-04-26 17:24:55] local.DEBUG: Message-ID: <da3f7890aebc8d5b5f85ace3ebd919ab@corporate.loc>
Date: Tue, 26 Apr 2022 17:24:54 +0000
Subject: Question
From: asdfg <minkina.russia@gmail.com>
To: admin@admin.com
MIME-Version: 1.0
Content-Type: text/html; charset=utf-8
Content-Transfer-Encoding: quoted-printable

<h1>sfdgfhjkl</h1>  
[2022-07-21 06:05:26] local.DEBUG: Message-ID: <fd4c4e86a92ee661440467ee11e40683@corporate.loc>
Date: Thu, 21 Jul 2022 06:05:26 +0000
Subject: Question
From: Anya <test@mail.ru>
To: admin@admin.com
MIME-Version: 1.0
Content-Type: text/html; charset=utf-8
Content-Transfer-Encoding: quoted-printable

<h1>asdfasdasd</h1>  
